   Compiling pwsw v0.3.1 (/home/tim/builds/misc/nasw)
warning: methods `clear_preview`, `preview`, `throbber_state`, and `throbber_state_mut` are never used
   --> src/tui/app.rs:283:19
    |
197 | impl App {
    | -------- methods in this implementation
...
283 |     pub(crate) fn clear_preview(&mut self) {
    |                   ^^^^^^^^^^^^^
...
289 |     pub(crate) fn preview(&self) -> Option<&PreviewResult> {
    |                   ^^^^^^^
...
294 |     pub(crate) fn throbber_state(&self) -> &ThrobberState {
    |                   ^^^^^^^^^^^^^^
...
298 |     pub(crate) fn throbber_state_mut(&mut self) -> &mut ThrobberState {
    |                   ^^^^^^^^^^^^^^^^^^
    |
    = note: `#[warn(dead_code)]` (part of `#[warn(unused)]`) on by default

warning: `pwsw` (lib) generated 1 warning
    Finished `dev` profile [unoptimized + debuginfo] target(s) in 1.00s
     Running `target/debug/pwsw tui`
[tui] 17 ms [Dashboard] slow frame: 17 ms preview_pending=false windows=0
[tui] 17 ms [Dashboard] slow frame: 17 ms preview_pending=false windows=0
[tui] 16 ms [Dashboard] slow frame: 16 ms preview_pending=false windows=7
[tui] 16 ms [Dashboard] slow frame: 16 ms preview_pending=false windows=7
[tui] 16 ms [Dashboard] slow frame: 16 ms preview_pending=false windows=7
[tui] 17 ms [Dashboard] slow frame: 17 ms preview_pending=false windows=7
[tui] 16 ms [Dashboard] slow frame: 16 ms preview_pending=false windows=7
[tui] 16 ms [Dashboard] slow frame: 16 ms preview_pending=false windows=7
[tui] 16 ms [Dashboard] slow frame: 16 ms preview_pending=false windows=7
[tui] 17 ms [Dashboard] slow frame: 17 ms preview_pending=false windows=7
[tui] 17 ms [Dashboard] slow frame: 17 ms preview_pending=false windows=7
[tui] 17 ms [Dashboard] slow frame: 17 ms preview_pending=false windows=7
[tui] 16 ms [Dashboard] slow frame: 16 ms preview_pending=false windows=7
[tui] 16 ms [Dashboard] slow frame: 16 ms preview_pending=false windows=7
[tui] 16 ms [Dashboard] slow frame: 16 ms preview_pending=false windows=7
[tui] 17 ms [Dashboard] slow frame: 17 ms preview_pending=false windows=7
[tui] 16 ms [Dashboard] slow frame: 16 ms preview_pending=false windows=7
[tui] 16 ms [Dashboard] slow frame: 16 ms preview_pending=false windows=7
[tui] 17 ms [Dashboard] slow frame: 17 ms preview_pending=false windows=7
[tui] 16 ms [Dashboard] slow frame: 16 ms preview_pending=false windows=7
[tui] 16 ms [Dashboard] slow frame: 16 ms preview_pending=false windows=7
[tui] 16 ms [Dashboard] slow frame: 16 ms preview_pending=false windows=7
[tui] 16 ms [Dashboard] slow frame: 16 ms preview_pending=false windows=7
[tui] 16 ms [Dashboard] slow frame: 16 ms preview_pending=false windows=7
[tui] 16 ms [Dashboard] slow frame: 16 ms preview_pending=false windows=7
[tui] 17 ms [Dashboard] slow frame: 17 ms preview_pending=false windows=7
[tui] 16 ms [Dashboard] slow frame: 16 ms preview_pending=false windows=7
[tui] 16 ms [Dashboard] slow frame: 16 ms preview_pending=false windows=7
[tui] 16 ms [Dashboard] slow frame: 16 ms preview_pending=false windows=7
[tui] 16 ms [Dashboard] slow frame: 16 ms preview_pending=false windows=0
[tui] 17 ms [Dashboard] slow frame: 17 ms preview_pending=false windows=0
[tui] 21 ms [Dashboard] slow frame: 21 ms preview_pending=false windows=0
[tui] 33 ms [Dashboard] slow frame: 33 ms preview_pending=false windows=0
[tui] 16 ms [Dashboard] slow frame: 16 ms preview_pending=false windows=7
[tui] 16 ms [Dashboard] slow frame: 16 ms preview_pending=false windows=7
[tui] 17 ms [Dashboard] slow frame: 17 ms preview_pending=false windows=7
[tui] 16 ms [Dashboard] slow frame: 16 ms preview_pending=false windows=7
[tui] 16 ms [Dashboard] slow frame: 16 ms preview_pending=false windows=7
[tui] 16 ms [Dashboard] slow frame: 16 ms preview_pending=false windows=7
[tui] 17 ms [Dashboard] slow frame: 17 ms preview_pending=false windows=7
[tui] 17 ms [Dashboard] slow frame: 17 ms preview_pending=false windows=7
[tui] 16 ms [Dashboard] slow frame: 16 ms preview_pending=false windows=7
[tui] 16 ms [Dashboard] slow frame: 16 ms preview_pending=false windows=7
[tui] 16 ms [Dashboard] slow frame: 16 ms preview_pending=false windows=7
[tui] 18 ms [Dashboard] slow frame: 18 ms preview_pending=false windows=7
[tui] 16 ms [Dashboard] slow frame: 16 ms preview_pending=false windows=7
[tui] 16 ms [Dashboard] slow frame: 16 ms preview_pending=false windows=7
[tui] 19 ms [Dashboard] slow frame: 19 ms preview_pending=false windows=7
[tui] 16 ms [Dashboard] slow frame: 16 ms preview_pending=false windows=7
[tui] 16 ms [Dashboard] slow frame: 16 ms preview_pending=false windows=7
[tui] 16 ms [Dashboard] slow frame: 16 ms preview_pending=false windows=7
[tui] 16 ms [Dashboard] slow frame: 16 ms preview_pending=false windows=7
[tui] 16 ms [Dashboard] slow frame: 16 ms preview_pending=false windows=7
[tui] 17 ms [Dashboard] slow frame: 17 ms preview_pending=false windows=7
[tui] 16 ms [Dashboard] slow frame: 16 ms preview_pending=false windows=7
[tui] 17 ms [Dashboard] slow frame: 17 ms preview_pending=false windows=7
[tui] 16 ms [Dashboard] slow frame: 16 ms preview_pending=false windows=7
[tui] 16 ms [Dashboard] slow frame: 16 ms preview_pending=false windows=7
[tui] 16 ms [Dashboard] slow frame: 16 ms preview_pending=false windows=7
[tui] 16 ms [Dashboard] slow frame: 16 ms preview_pending=false windows=0
